<?xml version="1.0" encoding="UTF-8"?>
<testng-results ignored="2" total="3" passed="1" failed="0" skipped="0">
  <reporter-output>
  </reporter-output>
  <suite started-at="2024-06-24T15:11:37 IST" name="Default suite" finished-at="2024-06-24T15:11:47 IST" duration-ms="9588">
    <groups>
      <group name="smokeTest">
        <method signature="CreateOrgTest.CreateOrgWithNameTest()[pri:0, instance:com.comcast.crm.group.CreateOrgTest@30c15d8b]" name="CreateOrgWithNameTest" class="com.comcast.crm.group.CreateOrgTest"/>
      </group> <!-- smokeTest -->
    </groups>
    <test started-at="2024-06-24T15:11:37 IST" name="Default test" finished-at="2024-06-24T15:11:47 IST" duration-ms="9588">
      <class name="com.comcast.crm.group.CreateOrgTest">
        <test-method is-config="true" signature="configBS()[pri:0, instance:com.comcast.crm.group.CreateOrgTest@30c15d8b]" started-at="2024-06-24T15:11:36 IST" name="configBS" finished-at="2024-06-24T15:11:37 IST" duration-ms="455" status="PASS">
          <reporter-output>
          </reporter-output>
        </test-method> <!-- configBS -->
        <test-method is-config="true" signature="configBC()[pri:0, instance:com.comcast.crm.group.CreateOrgTest@30c15d8b]" started-at="2024-06-24T15:11:37 IST" name="configBC" finished-at="2024-06-24T15:11:39 IST" duration-ms="1833" status="PASS">
          <reporter-output>
          </reporter-output>
        </test-method> <!-- configBC -->
        <test-method is-config="true" signature="configBM()[pri:0, instance:com.comcast.crm.group.CreateOrgTest@30c15d8b]" started-at="2024-06-24T15:11:39 IST" name="configBM" finished-at="2024-06-24T15:11:41 IST" duration-ms="2598" status="PASS">
          <reporter-output>
          </reporter-output>
        </test-method> <!-- configBM -->
        <test-method signature="CreateOrgWithNameTest()[pri:0, instance:com.comcast.crm.group.CreateOrgTest@30c15d8b]" started-at="2024-06-24T15:11:41 IST" name="CreateOrgWithNameTest" finished-at="2024-06-24T15:11:46 IST" duration-ms="4158" status="PASS">
          <reporter-output>
          </reporter-output>
        </test-method> <!-- CreateOrgWithNameTest -->
        <test-method is-config="true" signature="configAM()[pri:0, instance:com.comcast.crm.group.CreateOrgTest@30c15d8b]" started-at="2024-06-24T15:11:46 IST" name="configAM" finished-at="2024-06-24T15:11:46 IST" duration-ms="731" status="PASS">
          <reporter-output>
          </reporter-output>
        </test-method> <!-- configAM -->
        <test-method is-config="true" signature="configAC()[pri:0, instance:com.comcast.crm.group.CreateOrgTest@30c15d8b]" started-at="2024-06-24T15:11:46 IST" name="configAC" finished-at="2024-06-24T15:11:47 IST" duration-ms="192" status="PASS">
          <reporter-output>
          </reporter-output>
        </test-method> <!-- configAC -->
        <test-method is-config="true" signature="configAS()[pri:0, instance:com.comcast.crm.group.CreateOrgTest@30c15d8b]" started-at="2024-06-24T15:11:47 IST" name="configAS" finished-at="2024-06-24T15:11:47 IST" duration-ms="7" status="PASS">
          <reporter-output>
          </reporter-output>
        </test-method> <!-- configAS -->
      </class> <!-- com.comcast.crm.group.CreateOrgTest -->
    </test> <!-- Default test -->
  </suite> <!-- Default suite -->
</testng-results>
