<?xml version="1.0" encoding="UTF-8"?>
<!-- Generated by org.testng.reporters.JUnitXMLReporter -->
<testsuite ignored="2" hostname="Raj" failures="0" tests="1" name="Default test" time="9.588" errors="0" timestamp="2024-06-24T15:11:47 IST">
  <testcase classname="com.comcast.crm.group.CreateOrgTest" name="CreateOrgWithNameTest" time="4.158"/>
  <testcase classname="com.comcast.crm.group.CreateOrgTest" name="createWithPhoneNum" time="0.0">
    <ignored/>
  </testcase> <!-- createWithPhoneNum -->
  <testcase classname="com.comcast.crm.group.CreateOrgTest" name="createOrgWithIndustryType" time="0.0">
    <ignored/>
  </testcase> <!-- createOrgWithIndustryType -->
</testsuite> <!-- Default test -->
