<?xml version="1.0" encoding="UTF-8"?>
<!-- Generated by org.testng.reporters.JUnitXMLReporter -->
<testsuite ignored="2" hostname="Raj" failures="0" tests="6" name="TestRunner-chrome" time="148.643" errors="0" timestamp="15 Jun 2024 05:54:56 GMT">
  <testcase classname="com.comcast.crm.group.CreateContactTest" name="CreateContactWithMandatoryTest" time="20.197"/>
  <testcase classname="com.comcast.crm.group.CreateContactTest" name="createContactWithOrg" time="22.056"/>
  <testcase classname="com.comcast.crm.group.CreateContactTest" name="createContactWithStartAndEndDate" time="13.051"/>
  <testcase classname="com.comcast.crm.group.CreateOrgTest" name="CreateOrgWithNameTest" time="15.577"/>
  <testcase classname="com.comcast.crm.group.CreateOrgTest" name="createOrgWithIndustryType" time="14.27"/>
  <testcase classname="com.comcast.crm.group.CreateOrgTest" name="createWithPhoneNum" time="13.208"/>
  <testcase classname="com.comcast.crm.baseclassimp.BaseClass2" name="@BeforeSuite configBS" time="0.0">
    <ignored/>
  </testcase> <!-- @BeforeSuite configBS -->
  <testcase classname="com.comcast.crm.baseclassimp.BaseClass2" name="@AfterSuite configAS" time="0.0">
    <ignored/>
  </testcase> <!-- @AfterSuite configAS -->
</testsuite> <!-- TestRunner-chrome -->
