<?xml version="1.0" encoding="UTF-8"?>
<!-- Generated by org.testng.reporters.JUnitXMLReporter -->
<testsuite ignored="0" hostname="Raj" failures="0" tests="3" name="Test" time="21.377" errors="0" timestamp="2024-06-24T14:54:37 IST">
  <testcase classname="com.comcast.crm.group.CreateOrgTest" name="CreateOrgWithNameTest" time="4.26"/>
  <testcase classname="com.comcast.crm.group.CreateOrgTest" name="createOrgWithIndustryType" time="3.712"/>
  <testcase classname="com.comcast.crm.group.CreateOrgTest" name="createWithPhoneNum" time="3.629"/>
</testsuite> <!-- Test -->
