<?xml version="1.0" encoding="UTF-8"?>
<!-- Generated by org.testng.reporters.JUnitXMLReporter -->
<testsuite ignored="2" hostname="Raj" failures="0" tests="6" name="TestRunner-firefox" time="150.927" errors="0" timestamp="15 Jun 2024 05:54:59 GMT">
  <testcase classname="com.comcast.crm.group.CreateContactTest" name="CreateContactWithMandatoryTest" time="23.099"/>
  <testcase classname="com.comcast.crm.group.CreateContactTest" name="createContactWithOrg" time="21.571"/>
  <testcase classname="com.comcast.crm.group.CreateContactTest" name="createContactWithStartAndEndDate" time="13.105"/>
  <testcase classname="com.comcast.crm.group.CreateOrgTest" name="CreateOrgWithNameTest" time="14.58"/>
  <testcase classname="com.comcast.crm.group.CreateOrgTest" name="createOrgWithIndustryType" time="14.46"/>
  <testcase classname="com.comcast.crm.group.CreateOrgTest" name="createWithPhoneNum" time="12.522"/>
  <testcase classname="com.comcast.crm.baseclassimp.BaseClass2" name="@BeforeSuite configBS" time="0.0">
    <ignored/>
  </testcase> <!-- @BeforeSuite configBS -->
  <testcase classname="com.comcast.crm.baseclassimp.BaseClass2" name="@AfterSuite configAS" time="0.0">
    <ignored/>
  </testcase> <!-- @AfterSuite configAS -->
</testsuite> <!-- TestRunner-firefox -->
